<?xml version="1.0" encoding="UTF-8"?>
<testng-results skipped="0" failed="0" ignored="0" total="1" passed="1">
  <reporter-output>
  </reporter-output>
  <suite name="Suite" duration-ms="30365" started-at="2020-09-03T17:48:35 IST" finished-at="2020-09-03T17:49:05 IST">
    <groups>
      <group name="cucumber">
        <method signature="AbstractTestNGCucumberTests.runScenario(io.cucumber.testng.PickleWrapper, io.cucumber.testng.FeatureWrapper)[pri:0, instance:com.erp.hrms.testrunner.ERP_HRMS_Runner@4c40b76e]" name="runScenario" class="io.cucumber.testng.AbstractTestNGCucumberTests"/>
      </group> <!-- cucumber -->
    </groups>
    <test name="Test" duration-ms="30365" started-at="2020-09-03T17:48:35 IST" finished-at="2020-09-03T17:49:05 IST">
      <class name="com.erp.hrms.testrunner.ERP_HRMS_Runner">
        <test-method status="PASS" signature="setUpClass()[pri:0, instance:com.erp.hrms.testrunner.ERP_HRMS_Runner@4c40b76e]" name="setUpClass" is-config="true" duration-ms="514" started-at="2020-09-03T17:48:35 IST" finished-at="2020-09-03T17:48:35 IST">
          <reporter-output>
          </reporter-output>
        </test-method> <!-- setUpClass -->
        <test-method status="PASS" signature="runScenario(io.cucumber.testng.PickleWrapper, io.cucumber.testng.FeatureWrapper)[pri:0, instance:com.erp.hrms.testrunner.ERP_HRMS_Runner@4c40b76e]" name="runScenario" duration-ms="29692" started-at="2020-09-03T17:48:35 IST" description="Runs Cucumber Scenarios" data-provider="scenarios" finished-at="2020-09-03T17:49:05 IST">
          <params>
            <param index="0">
              <value>
                <![CDATA["Creating HRMS Leave Request"]]>
              </value>
            </param>
            <param index="1">
              <value>
                <![CDATA["Optional[Creating a ERP HRMS Leave Request]"]]>
              </value>
            </param>
          </params>
          <reporter-output>
          </reporter-output>
        </test-method> <!-- runScenario -->
        <test-method status="PASS" signature="tearDownClass()[pri:0, instance:com.erp.hrms.testrunner.ERP_HRMS_Runner@4c40b76e]" name="tearDownClass" is-config="true" duration-ms="116" started-at="2020-09-03T17:49:05 IST" finished-at="2020-09-03T17:49:05 IST">
          <reporter-output>
          </reporter-output>
        </test-method> <!-- tearDownClass -->
      </class> <!-- com.erp.hrms.testrunner.ERP_HRMS_Runner -->
    </test> <!-- Test -->
  </suite> <!-- Suite -->
</testng-results>
